<?xml version="1.0" encoding="UTF-8" standalone="no"?>
<!DOCTYPE log SYSTEM "logger.dtd">
<log>
<record>
  <date>2019-12-05T10:24:27</date>
  <millis>1575521667168</millis>
  <sequence>0</sequence>
  <level>START</level>
  <class>com.kms.katalon.core.logging.XmlKeywordLogger</class>
  <method>startSuite</method>
  <thread>1</thread>
  <message>Start Test Suite : Test Suites/Internal Data Table</message>
  <nestedLevel>0</nestedLevel>
  <property name="name">Internal Data Table</property>
  <property name="description"></property>
  <property name="id">Test Suites/Internal Data Table</property>
</record>
<record>
  <date>2019-12-05T10:24:27</date>
  <millis>1575521667183</millis>
  <sequence>1</sequence>
  <level>RUN_DATA</level>
  <class>com.kms.katalon.core.logging.XmlKeywordLogger</class>
  <method>logMessage</method>
  <thread>1</thread>
  <message>hostName = hemavathi - MSDES05.ad.matryxsoft.com</message>
  <nestedLevel>0</nestedLevel>
  <property name="hostName">hemavathi - MSDES05.ad.matryxsoft.com</property>
</record>
<record>
  <date>2019-12-05T10:24:27</date>
  <millis>1575521667183</millis>
  <sequence>2</sequence>
  <level>RUN_DATA</level>
  <class>com.kms.katalon.core.logging.XmlKeywordLogger</class>
  <method>logMessage</method>
  <thread>1</thread>
  <message>os = Windows 7 64bit</message>
  <nestedLevel>0</nestedLevel>
  <property name="os">Windows 7 64bit</property>
</record>
<record>
  <date>2019-12-05T10:24:27</date>
  <millis>1575521667184</millis>
  <sequence>3</sequence>
  <level>RUN_DATA</level>
  <class>com.kms.katalon.core.logging.XmlKeywordLogger</class>
  <method>logMessage</method>
  <thread>1</thread>
  <message>hostAddress = 10.10.20.4</message>
  <nestedLevel>0</nestedLevel>
  <property name="hostAddress">10.10.20.4</property>
</record>
<record>
  <date>2019-12-05T10:24:27</date>
  <millis>1575521667185</millis>
  <sequence>4</sequence>
  <level>RUN_DATA</level>
  <class>com.kms.katalon.core.logging.XmlKeywordLogger</class>
  <method>logMessage</method>
  <thread>1</thread>
  <message>katalonVersion = 6.3.3.11</message>
  <nestedLevel>0</nestedLevel>
  <property name="katalonVersion">6.3.3.11</property>
</record>
<record>
  <date>2019-12-05T10:24:27</date>
  <millis>1575521667406</millis>
  <sequence>5</sequence>
  <level>END</level>
  <class>com.kms.katalon.core.logging.XmlKeywordLogger</class>
  <method>endSuite</method>
  <thread>1</thread>
  <message>End Test Suite : Test Suites/Internal Data Table</message>
  <nestedLevel>0</nestedLevel>
</record>
</log>